Case #1: 1 0
Case #2: 1 0
Case #3: 1 1
Case #4: 0 0
Case #5: 500 499
Case #6: 3906250000000000 3906249999999999
Case #7: 1 1
Case #8: 1 0
Case #9: 3906249999999999 3906249999999999
Case #10: 2 2
Case #11: 0 0
Case #12: 0 0
Case #13: 1 1
Case #14: 0 0
Case #15: 1 0
Case #16: 0 0
Case #17: 1 1
Case #18: 0 0
Case #19: 1 0
Case #20: 1 0
Case #21: 0 0
Case #22: 1 0
Case #23: 1 0
Case #24: 1 0
Case #25: 1 1
Case #26: 1 0
Case #27: 125000000000000000 124999999999999999
Case #28: 1 0
Case #29: 0 0
Case #30: 0 0
Case #31: 0 0
Case #32: 500000000000000000 499999999999999999
Case #33: 0 0
Case #34: 2 1
Case #35: 1 0
Case #36: 7812499999999999 7812499999999999
Case #37: 0 0
Case #38: 0 0
Case #39: 0 0
Case #40: 0 0
Case #41: 0 0
Case #42: 2 2
Case #43: 0 0
Case #44: 250000000000000000 249999999999999999
Case #45: 1 1
Case #46: 0 0
Case #47: 1 0
Case #48: 1 0
Case #49: 0 0
Case #50: 0 0
Case #51: 0 0
Case #52: 1 1
Case #53: 0 0
Case #54: 1 1
Case #55: 0 0
Case #56: 0 0
Case #57: 1 1
Case #58: 0 0
Case #59: 0 0
Case #60: 2 2
Case #61: 0 0
Case #62: 0 0
Case #63: 250000000000000000 249999999999999999
Case #64: 0 0
Case #65: 1 0
Case #66: 1 0
Case #67: 7812499999999999 7812499999999999
Case #68: 499999999999999999 499999999999999999
Case #69: 0 0
Case #70: 1 0
Case #71: 1 1
Case #72: 0 0
Case #73: 0 0
Case #74: 2 2
Case #75: 2 2
Case #76: 1 0
Case #77: 1 1
Case #78: 1 0
Case #79: 0 0
Case #80: 0 0
Case #81: 0 0
Case #82: 249999999999999999 249999999999999999
Case #83: 1 0
Case #84: 3906249999999999 3906249999999999
Case #85: 0 0
Case #86: 0 0
Case #87: 0 0
Case #88: 0 0
Case #89: 2 2
Case #90: 0 0
Case #91: 1 0
Case #92: 0 0
Case #93: 1953125000000000 1953124999999999
Case #94: 0 0
Case #95: 0 0
Case #96: 0 0
Case #97: 0 0
Case #98: 0 0
Case #99: 0 0
Case #100: 2 2
