Case #1: 1 0
Case #2: 1 0
Case #3: 1 1
Case #4: 0 0
Case #5: 500 499
Case #6: 1 1
Case #7: 0 0
Case #8: 0 0
Case #9: 1 1
Case #10: 2 2
Case #11: 1 0
Case #12: 1 0
Case #13: 0 0
Case #14: 499999 499999
Case #15: 0 0
Case #16: 1 0
Case #17: 1 1
Case #18: 1 1
Case #19: 0 0
Case #20: 250000 249999
Case #21: 1953 1952
Case #22: 1 0
Case #23: 1 0
Case #24: 0 0
Case #25: 1 0
Case #26: 0 0
Case #27: 0 0
Case #28: 1 1
Case #29: 1 0
Case #30: 1 0
Case #31: 0 0
Case #32: 0 0
Case #33: 0 0
Case #34: 0 0
Case #35: 250000 249999
Case #36: 7812 7811
Case #37: 1 0
Case #38: 3 2
Case #39: 0 0
Case #40: 0 0
Case #41: 0 0
Case #42: 0 0
Case #43: 1 0
Case #44: 1 1
Case #45: 0 0
Case #46: 0 0
Case #47: 1 1
Case #48: 0 0
Case #49: 1 0
Case #50: 3 2
Case #51: 3905 3905
Case #52: 1 1
Case #53: 0 0
Case #54: 0 0
Case #55: 0 0
Case #56: 0 0
Case #57: 0 0
Case #58: 0 0
Case #59: 125000 124999
Case #60: 0 0
Case #61: 0 0
Case #62: 249999 249999
Case #63: 0 0
Case #64: 0 0
Case #65: 1 0
Case #66: 1 0
Case #67: 0 0
Case #68: 7812 7811
Case #69: 0 0
Case #70: 3906 3905
Case #71: 0 0
Case #72: 0 0
Case #73: 0 0
Case #74: 1 0
Case #75: 1 0
Case #76: 1 0
Case #77: 1 0
Case #78: 0 0
Case #79: 3906 3905
Case #80: 0 0
Case #81: 0 0
Case #82: 1 0
Case #83: 0 0
Case #84: 0 0
Case #85: 0 0
Case #86: 0 0
Case #87: 0 0
Case #88: 3 2
Case #89: 0 0
Case #90: 0 0
Case #91: 0 0
Case #92: 1 1
Case #93: 1 0
Case #94: 0 0
Case #95: 1 1
Case #96: 0 0
Case #97: 2 1
Case #98: 0 0
Case #99: 0 0
Case #100: 500000 499999
