Case #1: 1 0
Case #2: 1 0
Case #3: 1 1
Case #4: 0 0
Case #5: 500 499
Case #6: 0 0
Case #7: 0 0
Case #8: 0 0
Case #9: 0 0
Case #10: 3 2
Case #11: 1 0
Case #12: 0 0
Case #13: 0 0
Case #14: 0 0
Case #15: 1 0
Case #16: 249 249
Case #17: 0 0
Case #18: 0 0
Case #19: 0 0
Case #20: 2 1
Case #21: 1 0
Case #22: 1 0
Case #23: 1 1
Case #24: 0 0
Case #25: 0 0
Case #26: 3 3
Case #27: 0 0
Case #28: 0 0
Case #29: 1 0
Case #30: 3 2
Case #31: 0 0
Case #32: 0 0
Case #33: 3 3
Case #34: 0 0
Case #35: 0 0
Case #36: 0 0
Case #37: 0 0
Case #38: 0 0
Case #39: 0 0
Case #40: 1 0
Case #41: 0 0
Case #42: 2 2
Case #43: 3 3
Case #44: 0 0
Case #45: 0 0
Case #46: 0 0
Case #47: 0 0
Case #48: 125 124
Case #49: 0 0
Case #50: 3 3
Case #51: 0 0
Case #52: 1 0
Case #53: 3 2
Case #54: 1 1
Case #55: 0 0
Case #56: 1 0
Case #57: 0 0
Case #58: 3 2
Case #59: 0 0
Case #60: 7 6
Case #61: 0 0
Case #62: 0 0
Case #63: 0 0
Case #64: 1 0
Case #65: 0 0
Case #66: 0 0
Case #67: 1 0
Case #68: 0 0
Case #69: 1 0
Case #70: 1 1
Case #71: 0 0
Case #72: 1 1
Case #73: 1 0
Case #74: 1 1
Case #75: 0 0
Case #76: 0 0
Case #77: 1 1
Case #78: 0 0
Case #79: 1 0
Case #80: 0 0
Case #81: 1 0
Case #82: 250 249
Case #83: 0 0
Case #84: 1 0
Case #85: 0 0
Case #86: 0 0
Case #87: 250 249
Case #88: 1 1
Case #89: 1 1
Case #90: 0 0
Case #91: 499 499
Case #92: 1 0
Case #93: 1 1
Case #94: 1 0
Case #95: 0 0
Case #96: 7 6
Case #97: 1 1
Case #98: 1 0
Case #99: 0 0
Case #100: 1 0
